19:23:31.934 [main] DEBUG org.apache.poi.openxml4j.opc.PackageRelationshipCollection - Parsing relationship: /xl/_rels/workbook.xml.rels
19:23:31.935 [main] DEBUG org.apache.poi.openxml4j.opc.PackageRelationshipCollection - Parsing relationship: /_rels/.rels
19:23:31.938 [main] DEBUG org.apache.poi.openxml4j.opc.PackageRelationshipCollection - Parsing relationship: /xl/_rels/workbook.xml.rels
19:23:31.939 [main] DEBUG org.apache.poi.openxml4j.opc.PackageRelationshipCollection - Parsing relationship: /_rels/.rels
19:23:31.942 [main] DEBUG org.apache.poi.openxml4j.opc.PackageRelationshipCollection - Parsing relationship: /xl/_rels/workbook.xml.rels
19:23:31.943 [main] DEBUG org.apache.poi.openxml4j.opc.PackageRelationshipCollection - Parsing relationship: /_rels/.rels
19:23:31.946 [main] DEBUG org.apache.poi.openxml4j.opc.PackageRelationshipCollection - Parsing relationship: /xl/_rels/workbook.xml.rels
19:23:31.946 [main] DEBUG org.apache.poi.openxml4j.opc.PackageRelationshipCollection - Parsing relationship: /_rels/.rels
19:23:31.949 [main] DEBUG org.apache.poi.openxml4j.opc.PackageRelationshipCollection - Parsing relationship: /xl/_rels/workbook.xml.rels
19:23:31.950 [main] DEBUG org.apache.poi.openxml4j.opc.PackageRelationshipCollection - Parsing relationship: /_rels/.rels
19:23:31.953 [main] DEBUG org.apache.poi.openxml4j.opc.PackageRelationshipCollection - Parsing relationship: /xl/_rels/workbook.xml.rels
19:23:31.953 [main] DEBUG org.apache.poi.openxml4j.opc.PackageRelationshipCollection - Parsing relationship: /_rels/.rels
19:23:31.957 [main] DEBUG org.apache.poi.openxml4j.opc.PackageRelationshipCollection - Parsing relationship: /xl/_rels/workbook.xml.rels
19:23:31.957 [main] DEBUG org.apache.poi.openxml4j.opc.PackageRelationshipCollection - Parsing relationship: /_rels/.rels
19:23:31.960 [main] DEBUG org.apache.poi.openxml4j.opc.PackageRelationshipCollection - Parsing relationship: /xl/_rels/workbook.xml.rels
19:23:31.960 [main] DEBUG org.apache.poi.openxml4j.opc.PackageRelationshipCollection - Parsing relationship: /_rels/.rels
19:23:31.963 [main] DEBUG org.apache.poi.openxml4j.opc.PackageRelationshipCollection - Parsing relationship: /xl/_rels/workbook.xml.rels
19:23:31.964 [main] DEBUG org.apache.poi.openxml4j.opc.PackageRelationshipCollection - Parsing relationship: /_rels/.rels
19:23:31.967 [main] DEBUG org.apache.poi.openxml4j.opc.PackageRelationshipCollection - Parsing relationship: /xl/_rels/workbook.xml.rels
19:23:31.967 [main] DEBUG org.apache.poi.openxml4j.opc.PackageRelationshipCollection - Parsing relationship: /_rels/.rels
19:23:31.970 [main] DEBUG org.apache.poi.openxml4j.opc.PackageRelationshipCollection - Parsing relationship: /xl/_rels/workbook.xml.rels
19:23:31.970 [main] DEBUG org.apache.poi.openxml4j.opc.PackageRelationshipCollection - Parsing relationship: /_rels/.rels
19:23:31.973 [main] DEBUG org.apache.poi.openxml4j.opc.PackageRelationshipCollection - Parsing relationship: /xl/_rels/workbook.xml.rels
19:23:31.974 [main] DEBUG org.apache.poi.openxml4j.opc.PackageRelationshipCollection - Parsing relationship: /_rels/.rels
19:23:31.977 [main] DEBUG org.apache.poi.openxml4j.opc.PackageRelationshipCollection - Parsing relationship: /xl/_rels/workbook.xml.rels
19:23:31.977 [main] DEBUG org.apache.poi.openxml4j.opc.PackageRelationshipCollection - Parsing relationship: /_rels/.rels
19:23:31.987 [main] INFO  BaseTestClass.BaseClass - datadriven Test Started
19:23:33.083 [main] INFO  BaseTestClass.BaseClass - datadriven Validations
19:23:33.083 [main] INFO  BaseTestClass.BaseClass - datadriven Test Passed
19:23:33.406 [main] INFO  BaseTestClass.BaseClass - datadriven Test Finished
19:23:33.410 [main] INFO  BaseTestClass.BaseClass - datadriven Test Started
19:23:34.715 [main] INFO  BaseTestClass.BaseClass - datadriven Validations
19:23:34.715 [main] INFO  BaseTestClass.BaseClass - datadriven Test failed
19:23:35.131 [main] INFO  BaseTestClass.BaseClass - datadriven Test Started
19:23:36.257 [main] INFO  BaseTestClass.BaseClass - datadriven Validations
19:23:36.257 [main] INFO  BaseTestClass.BaseClass - datadriven Test failed
19:23:36.596 [main] INFO  BaseTestClass.BaseClass - datadriven Test Started
19:23:46.988 [main] INFO  BaseTestClass.BaseClass - datadriven Validations
19:23:46.988 [main] INFO  BaseTestClass.BaseClass - datadriven Test Passed
19:23:46.989 [main] INFO  BaseTestClass.BaseClass - datadriven Test Finished
19:23:46.992 [main] INFO  BaseTestClass.BaseClass - datadriven Test Started
19:23:48.742 [main] INFO  BaseTestClass.BaseClass - datadriven Validations
19:23:48.743 [main] INFO  BaseTestClass.BaseClass - datadriven Test Passed
19:23:49.148 [main] INFO  BaseTestClass.BaseClass - datadriven Test Finished
19:23:49.150 [main] INFO  BaseTestClass.BaseClass - datadriven Test Started
19:23:59.510 [main] INFO  BaseTestClass.BaseClass - datadriven Validations
19:23:59.511 [main] INFO  BaseTestClass.BaseClass - datadriven Test Passed
19:23:59.511 [main] INFO  BaseTestClass.BaseClass - datadriven Test Finished
