21:54:24.141 [main] DEBUG org.apache.poi.openxml4j.opc.PackageRelationshipCollection - Parsing relationship: /_rels/.rels
21:54:24.144 [main] DEBUG org.apache.poi.openxml4j.opc.PackageRelationshipCollection - Parsing relationship: /xl/_rels/workbook.xml.rels
21:54:24.145 [main] DEBUG org.apache.poi.openxml4j.opc.PackageRelationshipCollection - Parsing relationship: /_rels/.rels
21:54:24.149 [main] DEBUG org.apache.poi.openxml4j.opc.PackageRelationshipCollection - Parsing relationship: /xl/_rels/workbook.xml.rels
21:54:24.149 [main] DEBUG org.apache.poi.openxml4j.opc.PackageRelationshipCollection - Parsing relationship: /_rels/.rels
21:54:24.153 [main] DEBUG org.apache.poi.openxml4j.opc.PackageRelationshipCollection - Parsing relationship: /xl/_rels/workbook.xml.rels
21:54:24.153 [main] DEBUG org.apache.poi.openxml4j.opc.PackageRelationshipCollection - Parsing relationship: /_rels/.rels
21:54:24.156 [main] DEBUG org.apache.poi.openxml4j.opc.PackageRelationshipCollection - Parsing relationship: /xl/_rels/workbook.xml.rels
21:54:24.156 [main] DEBUG org.apache.poi.openxml4j.opc.PackageRelationshipCollection - Parsing relationship: /_rels/.rels
21:54:24.160 [main] DEBUG org.apache.poi.openxml4j.opc.PackageRelationshipCollection - Parsing relationship: /xl/_rels/workbook.xml.rels
21:54:24.160 [main] DEBUG org.apache.poi.openxml4j.opc.PackageRelationshipCollection - Parsing relationship: /_rels/.rels
21:54:24.163 [main] DEBUG org.apache.poi.openxml4j.opc.PackageRelationshipCollection - Parsing relationship: /xl/_rels/workbook.xml.rels
21:54:24.163 [main] DEBUG org.apache.poi.openxml4j.opc.PackageRelationshipCollection - Parsing relationship: /_rels/.rels
21:54:24.167 [main] DEBUG org.apache.poi.openxml4j.opc.PackageRelationshipCollection - Parsing relationship: /xl/_rels/workbook.xml.rels
21:54:24.167 [main] DEBUG org.apache.poi.openxml4j.opc.PackageRelationshipCollection - Parsing relationship: /_rels/.rels
21:54:24.170 [main] DEBUG org.apache.poi.openxml4j.opc.PackageRelationshipCollection - Parsing relationship: /xl/_rels/workbook.xml.rels
21:54:24.170 [main] DEBUG org.apache.poi.openxml4j.opc.PackageRelationshipCollection - Parsing relationship: /_rels/.rels
21:54:24.173 [main] DEBUG org.apache.poi.openxml4j.opc.PackageRelationshipCollection - Parsing relationship: /xl/_rels/workbook.xml.rels
21:54:24.174 [main] DEBUG org.apache.poi.openxml4j.opc.PackageRelationshipCollection - Parsing relationship: /_rels/.rels
21:54:24.177 [main] DEBUG org.apache.poi.openxml4j.opc.PackageRelationshipCollection - Parsing relationship: /xl/_rels/workbook.xml.rels
21:54:24.177 [main] DEBUG org.apache.poi.openxml4j.opc.PackageRelationshipCollection - Parsing relationship: /_rels/.rels
21:54:24.182 [main] INFO  BaseTestClass.BaseClass - datadriven Test Started
21:54:25.305 [main] INFO  BaseTestClass.BaseClass - datadriven Validations
21:54:25.665 [main] INFO  BaseTestClass.BaseClass - datadriven Test Passed
21:54:25.665 [main] INFO  BaseTestClass.BaseClass - datadriven Test Finished
21:54:25.669 [main] INFO  BaseTestClass.BaseClass - datadriven Test Started
21:54:26.877 [main] INFO  BaseTestClass.BaseClass - datadriven Validations
21:54:27.219 [main] INFO  BaseTestClass.BaseClass - datadriven Test failed
21:54:27.222 [main] INFO  BaseTestClass.BaseClass - datadriven Test Started
21:54:28.375 [main] INFO  BaseTestClass.BaseClass - datadriven Validations
21:54:28.703 [main] INFO  BaseTestClass.BaseClass - datadriven Test failed
21:54:28.705 [main] INFO  BaseTestClass.BaseClass - datadriven Test Started
21:54:39.020 [main] INFO  BaseTestClass.BaseClass - datadriven Validations
21:54:39.021 [main] INFO  BaseTestClass.BaseClass - datadriven Test Passed
21:54:39.021 [main] INFO  BaseTestClass.BaseClass - datadriven Test Finished
21:54:39.023 [main] INFO  BaseTestClass.BaseClass - datadriven Test Started
21:54:40.299 [main] INFO  BaseTestClass.BaseClass - datadriven Validations
21:54:40.606 [main] INFO  BaseTestClass.BaseClass - datadriven Test Passed
21:54:40.606 [main] INFO  BaseTestClass.BaseClass - datadriven Test Finished
21:54:40.608 [main] INFO  BaseTestClass.BaseClass - datadriven Test Started
21:54:51.142 [main] INFO  BaseTestClass.BaseClass - datadriven Validations
21:54:51.142 [main] INFO  BaseTestClass.BaseClass - datadriven Test Passed
21:54:51.142 [main] INFO  BaseTestClass.BaseClass - datadriven Test Finished
21:54:51.144 [main] INFO  BaseTestClass.BaseClass - datadriven Test Started
21:55:01.660 [main] INFO  BaseTestClass.BaseClass - datadriven Validations
21:55:01.660 [main] INFO  BaseTestClass.BaseClass - datadriven Test Passed
21:55:01.660 [main] INFO  BaseTestClass.BaseClass - datadriven Test Finished
21:55:01.663 [main] INFO  BaseTestClass.BaseClass - datadriven Test Started
21:55:05.385 [main] INFO  BaseTestClass.BaseClass - datadriven Validations
21:55:05.767 [main] INFO  BaseTestClass.BaseClass - datadriven Test Passed
21:55:05.767 [main] INFO  BaseTestClass.BaseClass - datadriven Test Finished
21:55:05.769 [main] INFO  BaseTestClass.BaseClass - datadriven Test Started
