01:49:30.294 [main] INFO  BaseTestClass.BaseClass - Browser closed
01:54:41.180 [main] INFO  BaseTestClass.BaseClass - Browser launched and URL opened
01:54:41.188 [main] INFO  BaseTestClass.BaseClass - ****** Starting TC001_AccountRegistrationTest ********
01:54:41.824 [main] INFO  BaseTestClass.BaseClass - Providing registration details
01:54:42.175 [main] INFO  BaseTestClass.BaseClass - Checking confirmation message
01:54:43.011 [main] INFO  BaseTestClass.BaseClass - Registration successful
01:54:43.011 [main] INFO  BaseTestClass.BaseClass - ****** Finished TC001_AccountRegistrationTest ********
01:54:43.125 [main] INFO  BaseTestClass.BaseClass - Browser closed
01:56:05.958 [TestNG-tests-1] INFO  BaseTestClass.BaseClass - Browser launched and URL opened
01:56:05.961 [TestNG-tests-1] INFO  BaseTestClass.BaseClass - ****** Starting TC001_AccountRegistrationTest ********
01:56:06.342 [TestNG-tests-1] INFO  BaseTestClass.BaseClass - Providing registration details
01:56:07.298 [TestNG-tests-1] INFO  BaseTestClass.BaseClass - Checking confirmation message
01:56:07.314 [TestNG-tests-1] INFO  BaseTestClass.BaseClass - Registration successful
01:56:07.315 [TestNG-tests-1] INFO  BaseTestClass.BaseClass - ****** Finished TC001_AccountRegistrationTest ********
01:56:07.442 [TestNG-tests-1] INFO  BaseTestClass.BaseClass - Browser closed
01:56:20.755 [TestNG-tests-1] INFO  BaseTestClass.BaseClass - Browser launched and URL opened
01:56:20.758 [TestNG-tests-1] INFO  BaseTestClass.BaseClass - ****** Starting TC001_AccountRegistrationTest ********
01:56:21.109 [TestNG-tests-1] INFO  BaseTestClass.BaseClass - Providing registration details
01:56:21.436 [TestNG-tests-1] INFO  BaseTestClass.BaseClass - Checking confirmation message
01:56:22.280 [TestNG-tests-1] INFO  BaseTestClass.BaseClass - Registration successful
01:56:22.280 [TestNG-tests-1] INFO  BaseTestClass.BaseClass - ****** Finished TC001_AccountRegistrationTest ********
01:56:22.401 [TestNG-tests-1] INFO  BaseTestClass.BaseClass - Browser closed
02:19:16.663 [main] INFO  BaseTestClass.BaseClass - Browser launched and URL opened
02:19:16.669 [main] INFO  BaseTestClass.BaseClass - ****** Starting TC001_AccountRegistrationTest ********
02:19:16.999 [main] INFO  BaseTestClass.BaseClass - Providing registration details
02:19:17.338 [main] INFO  BaseTestClass.BaseClass - Checking confirmation message
02:19:18.081 [main] INFO  BaseTestClass.BaseClass - Registration successful
02:19:18.081 [main] INFO  BaseTestClass.BaseClass - ****** Finished TC001_AccountRegistrationTest ********
02:19:18.190 [main] INFO  BaseTestClass.BaseClass - Browser closed
02:22:20.506 [main] INFO  BaseTestClass.BaseClass - Browser launched and URL opened
02:22:20.512 [main] INFO  BaseTestClass.BaseClass - ****** Starting TC001_AccountRegistrationTest ********
02:22:20.837 [main] INFO  BaseTestClass.BaseClass - Providing registration details
02:22:21.162 [main] INFO  BaseTestClass.BaseClass - Checking confirmation message
02:22:21.824 [main] INFO  BaseTestClass.BaseClass - Registration successful
02:22:21.824 [main] INFO  BaseTestClass.BaseClass - ****** Finished TC001_AccountRegistrationTest ********
02:22:21.935 [main] INFO  BaseTestClass.BaseClass - Browser closed
15:04:35.240 [main] INFO  BaseTestClass.BaseClass - Browser launched and URL opened
15:04:35.246 [main] INFO  BaseTestClass.BaseClass - *** Started login test  ***
15:04:35.251 [main] INFO  BaseTestClass.BaseClass - Clicking my account and login 
15:04:35.499 [main] INFO  BaseTestClass.BaseClass - filling login credentials using config.properties file
15:04:35.628 [main] INFO  BaseTestClass.BaseClass - verifying if my account message exists
15:04:36.341 [main] INFO  BaseTestClass.BaseClass - My Account Existed
15:04:36.341 [main] INFO  BaseTestClass.BaseClass - *** Finished login test  ***
15:04:36.454 [main] INFO  BaseTestClass.BaseClass - Browser closed
16:34:03.157 [main] INFO  BaseTestClass.BaseClass - Browser launched and URL opened
16:34:03.210 [main] DEBUG org.apache.poi.openxml4j.opc.PackageRelationshipCollection - Parsing relationship: /xl/_rels/workbook.xml.rels
16:34:03.210 [main] DEBUG org.apache.poi.openxml4j.opc.PackageRelationshipCollection - Parsing relationship: /_rels/.rels
16:34:03.361 [main] DEBUG org.apache.poi.openxml4j.opc.PackageRelationshipCollection - Parsing relationship: /xl/_rels/workbook.xml.rels
16:34:03.362 [main] DEBUG org.apache.poi.openxml4j.opc.PackageRelationshipCollection - Parsing relationship: /_rels/.rels
16:34:03.370 [main] DEBUG org.apache.poi.openxml4j.opc.PackageRelationshipCollection - Parsing relationship: /xl/_rels/workbook.xml.rels
16:34:03.370 [main] DEBUG org.apache.poi.openxml4j.opc.PackageRelationshipCollection - Parsing relationship: /_rels/.rels
16:34:03.379 [main] DEBUG org.apache.poi.openxml4j.opc.PackageRelationshipCollection - Parsing relationship: /xl/_rels/workbook.xml.rels
16:34:03.380 [main] DEBUG org.apache.poi.openxml4j.opc.PackageRelationshipCollection - Parsing relationship: /_rels/.rels
