22:43:39.740 [main] DEBUG org.apache.poi.openxml4j.opc.PackageRelationshipCollection - Parsing relationship: /xl/_rels/workbook.xml.rels
22:43:39.741 [main] DEBUG org.apache.poi.openxml4j.opc.PackageRelationshipCollection - Parsing relationship: /_rels/.rels
22:43:39.745 [main] DEBUG org.apache.poi.openxml4j.opc.PackageRelationshipCollection - Parsing relationship: /xl/_rels/workbook.xml.rels
22:43:39.745 [main] DEBUG org.apache.poi.openxml4j.opc.PackageRelationshipCollection - Parsing relationship: /_rels/.rels
22:43:39.748 [main] DEBUG org.apache.poi.openxml4j.opc.PackageRelationshipCollection - Parsing relationship: /xl/_rels/workbook.xml.rels
22:43:39.749 [main] DEBUG org.apache.poi.openxml4j.opc.PackageRelationshipCollection - Parsing relationship: /_rels/.rels
22:43:39.752 [main] DEBUG org.apache.poi.openxml4j.opc.PackageRelationshipCollection - Parsing relationship: /xl/_rels/workbook.xml.rels
22:43:39.752 [main] DEBUG org.apache.poi.openxml4j.opc.PackageRelationshipCollection - Parsing relationship: /_rels/.rels
22:43:39.756 [main] DEBUG org.apache.poi.openxml4j.opc.PackageRelationshipCollection - Parsing relationship: /xl/_rels/workbook.xml.rels
22:43:39.756 [main] DEBUG org.apache.poi.openxml4j.opc.PackageRelationshipCollection - Parsing relationship: /_rels/.rels
22:43:39.759 [main] DEBUG org.apache.poi.openxml4j.opc.PackageRelationshipCollection - Parsing relationship: /xl/_rels/workbook.xml.rels
22:43:39.760 [main] DEBUG org.apache.poi.openxml4j.opc.PackageRelationshipCollection - Parsing relationship: /_rels/.rels
22:43:39.763 [main] DEBUG org.apache.poi.openxml4j.opc.PackageRelationshipCollection - Parsing relationship: /xl/_rels/workbook.xml.rels
22:43:39.763 [main] DEBUG org.apache.poi.openxml4j.opc.PackageRelationshipCollection - Parsing relationship: /_rels/.rels
22:43:39.766 [main] DEBUG org.apache.poi.openxml4j.opc.PackageRelationshipCollection - Parsing relationship: /xl/_rels/workbook.xml.rels
22:43:39.766 [main] DEBUG org.apache.poi.openxml4j.opc.PackageRelationshipCollection - Parsing relationship: /_rels/.rels
22:43:39.770 [main] DEBUG org.apache.poi.openxml4j.opc.PackageRelationshipCollection - Parsing relationship: /xl/_rels/workbook.xml.rels
22:43:39.770 [main] DEBUG org.apache.poi.openxml4j.opc.PackageRelationshipCollection - Parsing relationship: /_rels/.rels
22:43:39.773 [main] DEBUG org.apache.poi.openxml4j.opc.PackageRelationshipCollection - Parsing relationship: /xl/_rels/workbook.xml.rels
22:43:39.773 [main] DEBUG org.apache.poi.openxml4j.opc.PackageRelationshipCollection - Parsing relationship: /_rels/.rels
22:43:39.776 [main] DEBUG org.apache.poi.openxml4j.opc.PackageRelationshipCollection - Parsing relationship: /xl/_rels/workbook.xml.rels
22:43:39.776 [main] DEBUG org.apache.poi.openxml4j.opc.PackageRelationshipCollection - Parsing relationship: /_rels/.rels
22:43:39.780 [main] INFO  BaseTestClass.BaseClass - datadriven Test Started
22:43:40.881 [main] INFO  BaseTestClass.BaseClass - datadriven Validations
22:43:41.173 [main] INFO  BaseTestClass.BaseClass - datadriven Test Passed
22:43:41.174 [main] INFO  BaseTestClass.BaseClass - datadriven Test Finished
22:43:41.177 [main] INFO  BaseTestClass.BaseClass - datadriven Test Started
22:43:42.660 [main] INFO  BaseTestClass.BaseClass - datadriven Validations
22:43:43.041 [main] INFO  BaseTestClass.BaseClass - datadriven Test failed
22:43:43.196 [main] INFO  BaseTestClass.BaseClass - datadriven Test Started
22:43:44.426 [main] INFO  BaseTestClass.BaseClass - datadriven Validations
22:43:44.725 [main] INFO  BaseTestClass.BaseClass - datadriven Test failed
22:43:44.859 [main] INFO  BaseTestClass.BaseClass - datadriven Test Started
22:43:55.169 [main] INFO  BaseTestClass.BaseClass - datadriven Validations
22:43:55.169 [main] INFO  BaseTestClass.BaseClass - datadriven Test Passed
22:43:55.170 [main] INFO  BaseTestClass.BaseClass - datadriven Test Finished
22:43:55.172 [main] INFO  BaseTestClass.BaseClass - datadriven Test Started
22:43:56.381 [main] INFO  BaseTestClass.BaseClass - datadriven Validations
22:43:56.715 [main] INFO  BaseTestClass.BaseClass - datadriven Test Passed
22:43:56.715 [main] INFO  BaseTestClass.BaseClass - datadriven Test Finished
22:43:56.718 [main] INFO  BaseTestClass.BaseClass - datadriven Test Started
22:44:07.098 [main] INFO  BaseTestClass.BaseClass - datadriven Validations
22:44:07.098 [main] INFO  BaseTestClass.BaseClass - datadriven Test Passed
22:44:07.099 [main] INFO  BaseTestClass.BaseClass - datadriven Test Finished
22:44:07.101 [main] INFO  BaseTestClass.BaseClass - datadriven Test Started
22:44:17.573 [main] INFO  BaseTestClass.BaseClass - datadriven Validations
22:44:17.573 [main] INFO  BaseTestClass.BaseClass - datadriven Test Passed
22:44:17.573 [main] INFO  BaseTestClass.BaseClass - datadriven Test Finished
22:44:17.576 [main] INFO  BaseTestClass.BaseClass - datadriven Test Started
22:44:18.901 [main] INFO  BaseTestClass.BaseClass - datadriven Validations
22:44:19.224 [main] INFO  BaseTestClass.BaseClass - datadriven Test Passed
