21:58:07.873 [main] DEBUG org.apache.poi.openxml4j.opc.PackageRelationshipCollection - Parsing relationship: /_rels/.rels
21:58:07.877 [main] INFO  BaseTestClass.BaseClass - datadriven Test Started
21:58:08.976 [main] INFO  BaseTestClass.BaseClass - datadriven Validations
21:58:09.313 [main] INFO  BaseTestClass.BaseClass - datadriven Test Passed
21:58:09.314 [main] INFO  BaseTestClass.BaseClass - datadriven Test Finished
21:58:09.316 [main] INFO  BaseTestClass.BaseClass - datadriven Test Started
21:58:10.466 [main] INFO  BaseTestClass.BaseClass - datadriven Validations
21:58:10.772 [main] INFO  BaseTestClass.BaseClass - datadriven Test failed
21:58:10.777 [main] INFO  BaseTestClass.BaseClass - datadriven Test Started
21:58:11.994 [main] INFO  BaseTestClass.BaseClass - datadriven Validations
21:58:12.284 [main] INFO  BaseTestClass.BaseClass - datadriven Test failed
21:58:12.286 [main] INFO  BaseTestClass.BaseClass - datadriven Test Started
21:58:22.680 [main] INFO  BaseTestClass.BaseClass - datadriven Validations
21:58:22.680 [main] INFO  BaseTestClass.BaseClass - datadriven Test Passed
21:58:22.680 [main] INFO  BaseTestClass.BaseClass - datadriven Test Finished
21:58:22.683 [main] INFO  BaseTestClass.BaseClass - datadriven Test Started
21:58:23.930 [main] INFO  BaseTestClass.BaseClass - datadriven Validations
21:58:24.243 [main] INFO  BaseTestClass.BaseClass - datadriven Test Passed
21:58:24.243 [main] INFO  BaseTestClass.BaseClass - datadriven Test Finished
21:58:24.245 [main] INFO  BaseTestClass.BaseClass - datadriven Test Started
21:58:34.724 [main] INFO  BaseTestClass.BaseClass - datadriven Validations
21:58:34.725 [main] INFO  BaseTestClass.BaseClass - datadriven Test Passed
21:58:34.725 [main] INFO  BaseTestClass.BaseClass - datadriven Test Finished
21:58:34.727 [main] INFO  BaseTestClass.BaseClass - datadriven Test Started
21:58:45.262 [main] INFO  BaseTestClass.BaseClass - datadriven Validations
21:58:45.262 [main] INFO  BaseTestClass.BaseClass - datadriven Test Passed
21:58:45.262 [main] INFO  BaseTestClass.BaseClass - datadriven Test Finished
21:58:45.264 [main] INFO  BaseTestClass.BaseClass - datadriven Test Started
21:58:46.485 [main] INFO  BaseTestClass.BaseClass - datadriven Validations
21:58:46.800 [main] INFO  BaseTestClass.BaseClass - datadriven Test Passed
21:58:46.800 [main] INFO  BaseTestClass.BaseClass - datadriven Test Finished
21:58:46.802 [main] INFO  BaseTestClass.BaseClass - datadriven Test Started
21:58:57.142 [main] INFO  BaseTestClass.BaseClass - datadriven Validations
21:58:57.142 [main] INFO  BaseTestClass.BaseClass - datadriven Test Passed
21:58:57.142 [main] INFO  BaseTestClass.BaseClass - datadriven Test Finished
21:58:57.145 [main] INFO  BaseTestClass.BaseClass - datadriven Test Started
21:59:07.631 [main] INFO  BaseTestClass.BaseClass - datadriven Validations
21:59:07.632 [main] INFO  BaseTestClass.BaseClass - datadriven Test Passed
21:59:07.632 [main] INFO  BaseTestClass.BaseClass - datadriven Test Finished
21:59:07.740 [main] INFO  BaseTestClass.BaseClass - Browser closed
22:00:33.332 [main] INFO  BaseTestClass.BaseClass - Browser launched and URL opened
22:00:33.338 [main] INFO  BaseTestClass.BaseClass - *** Started login test  ***
22:00:33.343 [main] INFO  BaseTestClass.BaseClass - Clicking my account and login 
22:00:33.563 [main] INFO  BaseTestClass.BaseClass - filling login credentials using config.properties file
22:00:33.688 [main] INFO  BaseTestClass.BaseClass - verifying if my account message exists
22:00:34.331 [main] INFO  BaseTestClass.BaseClass - My Account Existed
22:00:34.331 [main] INFO  BaseTestClass.BaseClass - *** Finished login test  ***
22:00:34.445 [main] INFO  BaseTestClass.BaseClass - Browser closed
22:02:33.580 [main] INFO  BaseTestClass.BaseClass - Browser launched and URL opened
22:02:33.587 [main] INFO  BaseTestClass.BaseClass - *** Started login test  ***
22:02:33.592 [main] INFO  BaseTestClass.BaseClass - Clicking my account and login 
22:02:33.812 [main] INFO  BaseTestClass.BaseClass - filling login credentials using config.properties file
22:02:34.659 [main] INFO  BaseTestClass.BaseClass - verifying if my account message exists
22:02:34.682 [main] INFO  BaseTestClass.BaseClass - My Account Existed
22:02:34.683 [main] INFO  BaseTestClass.BaseClass - *** Finished login test  ***
22:02:34.801 [main] INFO  BaseTestClass.BaseClass - Browser closed
22:08:07.684 [main] INFO  BaseTestClass.BaseClass - Browser launched and URL opened
22:08:07.690 [main] INFO  BaseTestClass.BaseClass - *** Started login test  ***
22:08:07.695 [main] INFO  BaseTestClass.BaseClass - Clicking my account and login 
22:08:07.939 [main] INFO  BaseTestClass.BaseClass - filling login credentials using config.properties file
22:08:08.905 [main] INFO  BaseTestClass.BaseClass - verifying if my account message exists
22:08:08.928 [main] INFO  BaseTestClass.BaseClass - My Account Existed
22:08:08.928 [main] INFO  BaseTestClass.BaseClass - *** Finished login test  ***
22:08:09.060 [main] INFO  BaseTestClass.BaseClass - Browser closed
