20:58:52.839 [main] DEBUG org.apache.poi.openxml4j.opc.PackageRelationshipCollection - Parsing relationship: /xl/_rels/workbook.xml.rels
20:58:52.840 [main] DEBUG org.apache.poi.openxml4j.opc.PackageRelationshipCollection - Parsing relationship: /_rels/.rels
20:58:52.843 [main] DEBUG org.apache.poi.openxml4j.opc.PackageRelationshipCollection - Parsing relationship: /xl/_rels/workbook.xml.rels
20:58:52.843 [main] DEBUG org.apache.poi.openxml4j.opc.PackageRelationshipCollection - Parsing relationship: /_rels/.rels
20:58:52.847 [main] DEBUG org.apache.poi.openxml4j.opc.PackageRelationshipCollection - Parsing relationship: /xl/_rels/workbook.xml.rels
20:58:52.847 [main] DEBUG org.apache.poi.openxml4j.opc.PackageRelationshipCollection - Parsing relationship: /_rels/.rels
20:58:52.850 [main] DEBUG org.apache.poi.openxml4j.opc.PackageRelationshipCollection - Parsing relationship: /xl/_rels/workbook.xml.rels
20:58:52.850 [main] DEBUG org.apache.poi.openxml4j.opc.PackageRelationshipCollection - Parsing relationship: /_rels/.rels
20:58:52.854 [main] DEBUG org.apache.poi.openxml4j.opc.PackageRelationshipCollection - Parsing relationship: /xl/_rels/workbook.xml.rels
20:58:52.854 [main] DEBUG org.apache.poi.openxml4j.opc.PackageRelationshipCollection - Parsing relationship: /_rels/.rels
20:58:52.857 [main] DEBUG org.apache.poi.openxml4j.opc.PackageRelationshipCollection - Parsing relationship: /xl/_rels/workbook.xml.rels
20:58:52.857 [main] DEBUG org.apache.poi.openxml4j.opc.PackageRelationshipCollection - Parsing relationship: /_rels/.rels
20:58:52.861 [main] DEBUG org.apache.poi.openxml4j.opc.PackageRelationshipCollection - Parsing relationship: /xl/_rels/workbook.xml.rels
20:58:52.861 [main] DEBUG org.apache.poi.openxml4j.opc.PackageRelationshipCollection - Parsing relationship: /_rels/.rels
20:58:52.864 [main] DEBUG org.apache.poi.openxml4j.opc.PackageRelationshipCollection - Parsing relationship: /xl/_rels/workbook.xml.rels
20:58:52.864 [main] DEBUG org.apache.poi.openxml4j.opc.PackageRelationshipCollection - Parsing relationship: /_rels/.rels
20:58:52.867 [main] DEBUG org.apache.poi.openxml4j.opc.PackageRelationshipCollection - Parsing relationship: /xl/_rels/workbook.xml.rels
20:58:52.867 [main] DEBUG org.apache.poi.openxml4j.opc.PackageRelationshipCollection - Parsing relationship: /_rels/.rels
20:58:52.870 [main] DEBUG org.apache.poi.openxml4j.opc.PackageRelationshipCollection - Parsing relationship: /xl/_rels/workbook.xml.rels
20:58:52.870 [main] DEBUG org.apache.poi.openxml4j.opc.PackageRelationshipCollection - Parsing relationship: /_rels/.rels
20:58:52.873 [main] DEBUG org.apache.poi.openxml4j.opc.PackageRelationshipCollection - Parsing relationship: /xl/_rels/workbook.xml.rels
20:58:52.873 [main] DEBUG org.apache.poi.openxml4j.opc.PackageRelationshipCollection - Parsing relationship: /_rels/.rels
20:58:52.885 [main] INFO  BaseTestClass.BaseClass - datadriven Test Started
20:58:53.856 [main] INFO  BaseTestClass.BaseClass - datadriven Validations
20:58:54.185 [main] INFO  BaseTestClass.BaseClass - datadriven Test Passed
20:58:54.186 [main] INFO  BaseTestClass.BaseClass - datadriven Test Finished
20:58:54.190 [main] INFO  BaseTestClass.BaseClass - datadriven Test Started
20:58:55.408 [main] INFO  BaseTestClass.BaseClass - datadriven Validations
20:58:55.781 [main] INFO  BaseTestClass.BaseClass - datadriven Test failed
20:58:55.784 [main] INFO  BaseTestClass.BaseClass - datadriven Test Started
20:58:56.989 [main] INFO  BaseTestClass.BaseClass - datadriven Validations
20:58:57.361 [main] INFO  BaseTestClass.BaseClass - datadriven Test failed
20:58:57.364 [main] INFO  BaseTestClass.BaseClass - datadriven Test Started
20:59:07.729 [main] INFO  BaseTestClass.BaseClass - datadriven Validations
20:59:07.729 [main] INFO  BaseTestClass.BaseClass - datadriven Test Passed
20:59:07.729 [main] INFO  BaseTestClass.BaseClass - datadriven Test Finished
20:59:07.732 [main] INFO  BaseTestClass.BaseClass - datadriven Test Started
20:59:09.130 [main] INFO  BaseTestClass.BaseClass - datadriven Validations
20:59:09.517 [main] INFO  BaseTestClass.BaseClass - datadriven Test Passed
20:59:09.517 [main] INFO  BaseTestClass.BaseClass - datadriven Test Finished
20:59:09.520 [main] INFO  BaseTestClass.BaseClass - datadriven Test Started
20:59:19.872 [main] INFO  BaseTestClass.BaseClass - datadriven Validations
20:59:19.872 [main] INFO  BaseTestClass.BaseClass - datadriven Test Passed
20:59:19.872 [main] INFO  BaseTestClass.BaseClass - datadriven Test Finished
20:59:19.875 [main] INFO  BaseTestClass.BaseClass - datadriven Test Started
20:59:30.415 [main] INFO  BaseTestClass.BaseClass - datadriven Validations
20:59:30.415 [main] INFO  BaseTestClass.BaseClass - datadriven Test Passed
20:59:30.415 [main] INFO  BaseTestClass.BaseClass - datadriven Test Finished
20:59:30.417 [main] INFO  BaseTestClass.BaseClass - datadriven Test Started
20:59:31.565 [main] INFO  BaseTestClass.BaseClass - datadriven Validations
20:59:31.882 [main] INFO  BaseTestClass.BaseClass - datadriven Test Passed
